07-May-2025 15:40:02.695 정보 [main] org.apache.catalina.startup.VersionLoggerListener.log 서버 버전 이름:    Apache Tomcat/9.0.98
07-May-2025 15:40:02.697 정보 [main] org.apache.catalina.startup.VersionLoggerListener.log Server 빌드 시각:  Dec 5 2024 19:50:29 UTC
07-May-2025 15:40:02.698 정보 [main] org.apache.catalina.startup.VersionLoggerListener.log Server 버전 번호:  9.0.98.0
07-May-2025 15:40:02.698 정보 [main] org.apache.catalina.startup.VersionLoggerListener.log 운영체제 이름:     Windows 10
07-May-2025 15:40:02.698 정보 [main] org.apache.catalina.startup.VersionLoggerListener.log 운영체제 버전:     10.0
07-May-2025 15:40:02.698 정보 [main] org.apache.catalina.startup.VersionLoggerListener.log 아키텍처:          amd64
07-May-2025 15:40:02.698 정보 [main] org.apache.catalina.startup.VersionLoggerListener.log 자바 홈:           C:\Users\keduit\.jdks\corretto-17.0.14
07-May-2025 15:40:02.698 정보 [main] org.apache.catalina.startup.VersionLoggerListener.log JVM 버전:          17.0.14+7-LTS
07-May-2025 15:40:02.698 정보 [main] org.apache.catalina.startup.VersionLoggerListener.log JVM 벤더:          Amazon.com Inc.
07-May-2025 15:40:02.698 정보 [main] org.apache.catalina.startup.VersionLoggerListener.log CATALINA_BASE:     C:\20241118_KDT\project_workspace
07-May-2025 15:40:02.698 정보 [main] org.apache.catalina.startup.VersionLoggerListener.log CATALINA_HOME:     C:\Tomcat
07-May-2025 15:40:02.706 정보 [main] org.apache.catalina.startup.VersionLoggerListener.log 명령 행 아규먼트:  --add-opens=java.base/java.lang=ALL-UNNAMED
07-May-2025 15:40:02.706 정보 [main] org.apache.catalina.startup.VersionLoggerListener.log 명령 행 아규먼트:  --add-opens=java.base/java.io=ALL-UNNAMED
07-May-2025 15:40:02.706 정보 [main] org.apache.catalina.startup.VersionLoggerListener.log 명령 행 아규먼트:  --add-opens=java.base/java.util=ALL-UNNAMED
07-May-2025 15:40:02.706 정보 [main] org.apache.catalina.startup.VersionLoggerListener.log 명령 행 아규먼트:  --add-opens=java.base/java.util.concurrent=ALL-UNNAMED
07-May-2025 15:40:02.706 정보 [main] org.apache.catalina.startup.VersionLoggerListener.log 명령 행 아규먼트:  --add-opens=java.rmi/sun.rmi.transport=ALL-UNNAMED
07-May-2025 15:40:02.706 정보 [main] org.apache.catalina.startup.VersionLoggerListener.log 명령 행 아규먼트:  -Dcatalina.home=C:\Tomcat
07-May-2025 15:40:02.706 정보 [main] org.apache.catalina.startup.VersionLoggerListener.log 명령 행 아규먼트:  -Dcatalina.base=C:\20241118_KDT\project_workspace
07-May-2025 15:40:02.706 정보 [main] org.apache.catalina.startup.VersionLoggerListener.log 명령 행 아규먼트:  -Djava.io.tmpdir=C:\20241118_KDT\project_workspace\temp
07-May-2025 15:40:02.707 정보 [main] org.apache.catalina.startup.VersionLoggerListener.log 명령 행 아규먼트:  -Djava.util.logging.config.file=C:\20241118_KDT\project_workspace\conf\logging.properties
07-May-2025 15:40:02.707 정보 [main] org.apache.catalina.startup.VersionLoggerListener.log 명령 행 아규먼트:  -Djava.util.logging.manager=org.apache.juli.ClassLoaderLogManager
07-May-2025 15:40:02.707 정보 [main] org.apache.catalina.startup.VersionLoggerListener.log 명령 행 아규먼트:  -javaagent:C:\Program Files\JetBrains\IntelliJ IDEA 2024.3.4.1\lib\idea_rt.jar=4859
07-May-2025 15:40:02.707 정보 [main] org.apache.catalina.startup.VersionLoggerListener.log 명령 행 아규먼트:  -Dfile.encoding=UTF-8
07-May-2025 15:40:02.714 정보 [main] org.apache.catalina.core.AprLifecycleListener.lifecycleEvent 프로덕션 환경들에서 최적의 성능을 제공하는, APR 기반 Apache Tomcat Native 라이브러리가, 다음 java.library.path에서 발견되지 않습니다: [C:\Users\keduit\.jdks\corretto-17.0.14\bin;C:\Windows\Sun\Java\bin;C:\Windows\system32;C:\Windows;C:\app\oracle\product\11.2.0\server\bin;C:\Windows\system32;C:\Windows;C:\Windows\System32\Wbem;C:\Windows\System32\WindowsPowerShell\v1.0\;C:\Windows\System32\OpenSSH\;C:\Program Files\Bandizip\;C:\Program Files\nodejs\;C:\Git\cmd;C:\Program Files\Docker\Docker\resources\bin;C:\Users\keduit\AppData\Local\Microsoft\WindowsApps;;C:\Program Files\JetBrains\IntelliJ IDEA 2024.3.4.1\bin;;C:\Users\keduit\AppData\Local\Programs\Microsoft VS Code\bin;C:\Users\keduit\AppData\Roaming\npm;.]
07-May-2025 15:40:02.929 정보 [main] org.apache.coyote.AbstractProtocol.init 프로토콜 핸들러 ["http-nio-80"]을(를) 초기화합니다.
07-May-2025 15:40:02.945 정보 [main] org.apache.catalina.startup.Catalina.load [437] 밀리초 내에 서버가 초기화되었습니다.
07-May-2025 15:40:02.996 정보 [main] org.apache.catalina.core.StandardService.startInternal 서비스 [Catalina]을(를) 시작합니다.
07-May-2025 15:40:02.996 정보 [main] org.apache.catalina.core.StandardEngine.startInternal 서버 엔진을 시작합니다: [Apache Tomcat/9.0.98]
07-May-2025 15:40:03.005 정보 [main] org.apache.catalina.startup.HostConfig.deployDescriptor 배치 descriptor [C:\20241118_KDT\project_workspace\conf\Catalina\localhost\ROOT.xml]을(를) 배치합니다.
07-May-2025 15:40:03.352 경고 [main] org.apache.tomcat.util.descriptor.web.WebXml.setVersion 알 수 없는 버전 문자열 [5.0]. 기본 버전이 사용될 것입니다.
07-May-2025 15:40:03.363 경고 [main] org.apache.tomcat.util.descriptor.web.WebXml.setVersion 알 수 없는 버전 문자열 [6.0]. 기본 버전이 사용될 것입니다.
07-May-2025 15:40:03.383 경고 [main] org.apache.tomcat.util.descriptor.web.WebXml.setVersion 알 수 없는 버전 문자열 [6.0]. 기본 버전이 사용될 것입니다.
07-May-2025 15:40:06.405 정보 [main] org.apache.jasper.servlet.TldScanner.scanJars 적어도 하나의 JAR가 TLD들을 찾기 위해 스캔되었으나 아무 것도 찾지 못했습니다. 스캔했으나 TLD가 없는 JAR들의 전체 목록을 보시려면, 로그 레벨을 디버그 레벨로 설정하십시오. 스캔 과정에서 불필요한 JAR들을 건너뛰면, 시스템 시작 시간과 JSP 컴파일 시간을 단축시킬 수 있습니다.
07-May-2025 15:40:06.474 정보 [main] org.apache.catalina.startup.HostConfig.deployDescriptor 배치 descriptor [C:\20241118_KDT\project_workspace\conf\Catalina\localhost\ROOT.xml]의 배치가 [3,467] 밀리초 내에 완료되었습니다.
07-May-2025 15:40:06.476 정보 [main] org.apache.coyote.AbstractProtocol.start 프로토콜 핸들러 ["http-nio-80"]을(를) 시작합니다.
07-May-2025 15:40:06.511 정보 [main] org.apache.catalina.startup.Catalina.start 서버가 [3564] 밀리초 내에 시작되었습니다.
07-May-2025 15:41:21.736 정보 [Thread-1] org.apache.coyote.AbstractProtocol.pause 프로토콜 핸들러 ["http-nio-80"]을(를) 일시 정지 중
07-May-2025 15:41:21.768 정보 [Thread-1] org.apache.catalina.core.StandardService.stopInternal 서비스 [Catalina]을(를) 중지시킵니다.
07-May-2025 15:41:21.792 정보 [Thread-1] org.apache.coyote.AbstractProtocol.stop 프로토콜 핸들러 ["http-nio-80"]을(를) 중지시킵니다.
07-May-2025 15:41:21.807 정보 [Thread-1] org.apache.coyote.AbstractProtocol.destroy 프로토콜 핸들러 ["http-nio-80"]을(를) 소멸시킵니다.
07-May-2025 16:56:04.054 정보 [main] org.apache.catalina.startup.VersionLoggerListener.log 서버 버전 이름:    Apache Tomcat/9.0.98
07-May-2025 16:56:04.057 정보 [main] org.apache.catalina.startup.VersionLoggerListener.log Server 빌드 시각:  Dec 5 2024 19:50:29 UTC
07-May-2025 16:56:04.057 정보 [main] org.apache.catalina.startup.VersionLoggerListener.log Server 버전 번호:  9.0.98.0
07-May-2025 16:56:04.057 정보 [main] org.apache.catalina.startup.VersionLoggerListener.log 운영체제 이름:     Windows 10
07-May-2025 16:56:04.057 정보 [main] org.apache.catalina.startup.VersionLoggerListener.log 운영체제 버전:     10.0
07-May-2025 16:56:04.057 정보 [main] org.apache.catalina.startup.VersionLoggerListener.log 아키텍처:          amd64
07-May-2025 16:56:04.058 정보 [main] org.apache.catalina.startup.VersionLoggerListener.log 자바 홈:           C:\Users\keduit\.jdks\corretto-17.0.14
07-May-2025 16:56:04.058 정보 [main] org.apache.catalina.startup.VersionLoggerListener.log JVM 버전:          17.0.14+7-LTS
07-May-2025 16:56:04.058 정보 [main] org.apache.catalina.startup.VersionLoggerListener.log JVM 벤더:          Amazon.com Inc.
07-May-2025 16:56:04.058 정보 [main] org.apache.catalina.startup.VersionLoggerListener.log CATALINA_BASE:     C:\20241118_KDT\project_workspace
07-May-2025 16:56:04.058 정보 [main] org.apache.catalina.startup.VersionLoggerListener.log CATALINA_HOME:     C:\Tomcat
07-May-2025 16:56:04.068 정보 [main] org.apache.catalina.startup.VersionLoggerListener.log 명령 행 아규먼트:  --add-opens=java.base/java.lang=ALL-UNNAMED
07-May-2025 16:56:04.068 정보 [main] org.apache.catalina.startup.VersionLoggerListener.log 명령 행 아규먼트:  --add-opens=java.base/java.io=ALL-UNNAMED
07-May-2025 16:56:04.069 정보 [main] org.apache.catalina.startup.VersionLoggerListener.log 명령 행 아규먼트:  --add-opens=java.base/java.util=ALL-UNNAMED
07-May-2025 16:56:04.069 정보 [main] org.apache.catalina.startup.VersionLoggerListener.log 명령 행 아규먼트:  --add-opens=java.base/java.util.concurrent=ALL-UNNAMED
07-May-2025 16:56:04.069 정보 [main] org.apache.catalina.startup.VersionLoggerListener.log 명령 행 아규먼트:  --add-opens=java.rmi/sun.rmi.transport=ALL-UNNAMED
07-May-2025 16:56:04.069 정보 [main] org.apache.catalina.startup.VersionLoggerListener.log 명령 행 아규먼트:  -Dcatalina.home=C:\Tomcat
07-May-2025 16:56:04.069 정보 [main] org.apache.catalina.startup.VersionLoggerListener.log 명령 행 아규먼트:  -Dcatalina.base=C:\20241118_KDT\project_workspace
07-May-2025 16:56:04.069 정보 [main] org.apache.catalina.startup.VersionLoggerListener.log 명령 행 아규먼트:  -Djava.io.tmpdir=C:\20241118_KDT\project_workspace\temp
07-May-2025 16:56:04.069 정보 [main] org.apache.catalina.startup.VersionLoggerListener.log 명령 행 아규먼트:  -Djava.util.logging.config.file=C:\20241118_KDT\project_workspace\conf\logging.properties
07-May-2025 16:56:04.069 정보 [main] org.apache.catalina.startup.VersionLoggerListener.log 명령 행 아규먼트:  -Djava.util.logging.manager=org.apache.juli.ClassLoaderLogManager
07-May-2025 16:56:04.069 정보 [main] org.apache.catalina.startup.VersionLoggerListener.log 명령 행 아규먼트:  -javaagent:C:\Program Files\JetBrains\IntelliJ IDEA 2024.3.4.1\lib\idea_rt.jar=7845
07-May-2025 16:56:04.069 정보 [main] org.apache.catalina.startup.VersionLoggerListener.log 명령 행 아규먼트:  -Dfile.encoding=UTF-8
07-May-2025 16:56:04.080 정보 [main] org.apache.catalina.core.AprLifecycleListener.lifecycleEvent 프로덕션 환경들에서 최적의 성능을 제공하는, APR 기반 Apache Tomcat Native 라이브러리가, 다음 java.library.path에서 발견되지 않습니다: [C:\Users\keduit\.jdks\corretto-17.0.14\bin;C:\Windows\Sun\Java\bin;C:\Windows\system32;C:\Windows;C:\app\oracle\product\11.2.0\server\bin;C:\Windows\system32;C:\Windows;C:\Windows\System32\Wbem;C:\Windows\System32\WindowsPowerShell\v1.0\;C:\Windows\System32\OpenSSH\;C:\Program Files\Bandizip\;C:\Program Files\nodejs\;C:\Git\cmd;C:\Program Files\Docker\Docker\resources\bin;C:\Users\keduit\AppData\Local\Microsoft\WindowsApps;;C:\Program Files\JetBrains\IntelliJ IDEA 2024.3.4.1\bin;;C:\Users\keduit\AppData\Local\Programs\Microsoft VS Code\bin;C:\Users\keduit\AppData\Roaming\npm;.]
07-May-2025 16:56:04.365 정보 [main] org.apache.coyote.AbstractProtocol.init 프로토콜 핸들러 ["http-nio-80"]을(를) 초기화합니다.
07-May-2025 16:56:04.381 정보 [main] org.apache.catalina.startup.Catalina.load [526] 밀리초 내에 서버가 초기화되었습니다.
07-May-2025 16:56:04.435 정보 [main] org.apache.catalina.core.StandardService.startInternal 서비스 [Catalina]을(를) 시작합니다.
07-May-2025 16:56:04.435 정보 [main] org.apache.catalina.core.StandardEngine.startInternal 서버 엔진을 시작합니다: [Apache Tomcat/9.0.98]
07-May-2025 16:56:04.443 정보 [main] org.apache.catalina.startup.HostConfig.deployDescriptor 배치 descriptor [C:\20241118_KDT\project_workspace\conf\Catalina\localhost\ROOT.xml]을(를) 배치합니다.
07-May-2025 16:56:04.781 경고 [main] org.apache.tomcat.util.descriptor.web.WebXml.setVersion 알 수 없는 버전 문자열 [5.0]. 기본 버전이 사용될 것입니다.
07-May-2025 16:56:04.792 경고 [main] org.apache.tomcat.util.descriptor.web.WebXml.setVersion 알 수 없는 버전 문자열 [6.0]. 기본 버전이 사용될 것입니다.
07-May-2025 16:56:04.812 경고 [main] org.apache.tomcat.util.descriptor.web.WebXml.setVersion 알 수 없는 버전 문자열 [6.0]. 기본 버전이 사용될 것입니다.
07-May-2025 16:56:07.315 정보 [main] org.apache.jasper.servlet.TldScanner.scanJars 적어도 하나의 JAR가 TLD들을 찾기 위해 스캔되었으나 아무 것도 찾지 못했습니다. 스캔했으나 TLD가 없는 JAR들의 전체 목록을 보시려면, 로그 레벨을 디버그 레벨로 설정하십시오. 스캔 과정에서 불필요한 JAR들을 건너뛰면, 시스템 시작 시간과 JSP 컴파일 시간을 단축시킬 수 있습니다.
07-May-2025 16:56:07.377 정보 [main] org.apache.catalina.startup.HostConfig.deployDescriptor 배치 descriptor [C:\20241118_KDT\project_workspace\conf\Catalina\localhost\ROOT.xml]의 배치가 [2,933] 밀리초 내에 완료되었습니다.
07-May-2025 16:56:07.380 정보 [main] org.apache.coyote.AbstractProtocol.start 프로토콜 핸들러 ["http-nio-80"]을(를) 시작합니다.
07-May-2025 16:56:07.413 정보 [main] org.apache.catalina.startup.Catalina.start 서버가 [3031] 밀리초 내에 시작되었습니다.
